Build started 18.12.2016 г. 13:41:53.
     1>Project "C:\Users\stanislav\Documents\Visual Studio 2013\Projects\word-counter-sda\sdadom3\sdadom3.vcxproj" on node 2 (Build target(s)).
     1>ClCompile:
         C:\Program Files (x86)\Microsoft Visual Studio 12.0\VC\bin\CL.exe /c /ZI /nologo /W3 /WX- /sdl /Od /Oy- /D WIN32 /D _DEBUG /D _CONSOLE /D _LIB /D _UNICODE /D UNICODE /Gm /EHsc /RTC1 /MDd /GS /fp:precise /Zc:wchar_t /Zc:forScope /Fo"Debug\\" /Fd"Debug\vc120.pdb" /Gd /TP /analyze- /errorReport:prompt sdadom3.cpp
         sdadom3.cpp
     1>c:\users\stanislav\documents\visual studio 2013\projects\word-counter-sda\sdadom3\sdadom3.cpp(58): warning C4101: 'buffer' : unreferenced local variable
     1>c:\users\stanislav\documents\visual studio 2013\projects\word-counter-sda\sdadom3\sdadom3.cpp(116): warning C4101: 'number' : unreferenced local variable
     1>c:\users\stanislav\documents\visual studio 2013\projects\word-counter-sda\sdadom3\sdadom3.cpp(115): warning C4101: 'phrase' : unreferenced local variable
     1>c:\users\stanislav\documents\visual studio 2013\projects\word-counter-sda\sdadom3\sdadom3.cpp(207): warning C4101: 'ch' : unreferenced local variable
     1>c:\users\stanislav\documents\visual studio 2013\projects\word-counter-sda\sdadom3\sdadom3.cpp(206): warning C4101: 'number' : unreferenced local variable
     1>c:\users\stanislav\documents\visual studio 2013\projects\word-counter-sda\sdadom3\sdadom3.cpp(205): warning C4101: 'phrase' : unreferenced local variable
     1>c:\users\stanislav\documents\visual studio 2013\projects\word-counter-sda\sdadom3\sdadom3.cpp(204): warning C4101: 'buffer' : unreferenced local variable
       Link:
         C:\Program Files (x86)\Microsoft Visual Studio 12.0\VC\bin\link.exe /ERRORREPORT:PROMPT /OUT:"C:\Users\stanislav\Documents\Visual Studio 2013\Projects\word-counter-sda\Debug\sdadom3.exe" /INCREMENTAL /NOLOGO kernel32.lib user32.lib gdi32.lib winspool.lib comdlg32.lib advapi32.lib shell32.lib ole32.lib oleaut32.lib uuid.lib odbc32.lib odbccp32.lib /MANIFEST /MANIFESTUAC:"level='asInvoker' uiAccess='false'" /manifest:embed /DEBUG /PDB:"C:\Users\stanislav\Documents\Visual Studio 2013\Projects\word-counter-sda\Debug\sdadom3.pdb" /SUBSYSTEM:CONSOLE /TLBID:1 /DYNAMICBASE /NXCOMPAT /IMPLIB:"C:\Users\stanislav\Documents\Visual Studio 2013\Projects\word-counter-sda\Debug\sdadom3.lib" /MACHINE:X86 Debug\sdadom3.obj
         Debug\stdafx.obj
         Debug\Trie.obj
         sdadom3.vcxproj -> C:\Users\stanislav\Documents\Visual Studio 2013\Projects\word-counter-sda\Debug\sdadom3.exe
     1>Done Building Project "C:\Users\stanislav\Documents\Visual Studio 2013\Projects\word-counter-sda\sdadom3\sdadom3.vcxproj" (Build target(s)).

Build succeeded.

Time Elapsed 00:00:00.99
